<?xml version="1.0" encoding="utf-8"?><testsuites><testsuite name="pytest" errors="0" failures="0" skipped="0" tests="9" time="6.672" timestamp="2024-03-10T15:03:19.520403" hostname="c99f70636c19"><testcase classname="tests.test_models" name="test_series_record_created_correctly" time="5.512" /><testcase classname="tests.test_models" name="test_episodes_record_created_correctly" time="0.005" /><testcase classname="tests.test_models" name="test_comments_record_created_correctly" time="0.004" /><testcase classname="tests.test_unit" name="test_episodes_list_endpoint_returns_episodes" time="0.017" /><testcase classname="tests.test_unit" name="test_episodes_get_endpoint_returns_episode" time="0.007" /><testcase classname="tests.test_unit" name="test_episodes_get_endpoint_returns_404_for_non_existent_id" time="0.006" /><testcase classname="tests.test_unit" name="test_comments_list_endpoint_returns_comments" time="0.007" /><testcase classname="tests.test_unit" name="test_comments_create_endpoint_adds_and_returns_comment" time="0.009" /><testcase classname="tests.test_unit" name="test_comments_delet_endpoint_deletes_comment" time="0.031" /></testsuite></testsuites>